{"D:\\projects\\socketio-jwt-auth\\lib\\index.js":{"path":"D:\\projects\\socketio-jwt-auth\\lib\\index.js","s":{"1":1,"2":1,"3":1,"4":1,"5":6,"6":6,"7":6,"8":3,"9":3,"10":3,"11":1,"12":2,"13":2,"14":2,"15":3,"16":2,"17":5,"18":5,"19":2,"20":0,"21":2,"22":1,"23":0,"24":1,"25":1,"26":1,"27":1,"28":1,"29":5,"30":5,"31":5,"32":2,"33":1,"34":3,"35":2,"36":2,"37":1},"b":{"1":[3,3],"2":[1,2],"3":[0,2],"4":[1,1],"5":[0,1],"6":[2,3],"7":[1,1]},"f":{"1":6,"2":2,"3":3,"4":5,"5":2},"fnMap":{"1":{"name":"authenticate","line":9,"loc":{"start":{"line":9,"column":0},"end":{"line":9,"column":39}}},"2":{"name":"(anonymous_2)","line":21,"loc":{"start":{"line":21,"column":17},"end":{"line":21,"column":32}}},"3":{"name":"(anonymous_3)","line":25,"loc":{"start":{"line":25,"column":14},"end":{"line":25,"column":34}}},"4":{"name":"(anonymous_4)","line":29,"loc":{"start":{"line":29,"column":9},"end":{"line":29,"column":32}}},"5":{"name":"(anonymous_5)","line":31,"loc":{"start":{"line":31,"column":19},"end":{"line":31,"column":48}}}},"statementMap":{"1":{"start":{"line":1,"column":0},"end":{"line":1,"column":29}},"2":{"start":{"line":2,"column":0},"end":{"line":2,"column":32}},"3":{"start":{"line":4,"column":0},"end":{"line":7,"column":2}},"4":{"start":{"line":9,"column":0},"end":{"line":58,"column":1}},"5":{"start":{"line":10,"column":2},"end":{"line":10,"column":19}},"6":{"start":{"line":11,"column":2},"end":{"line":11,"column":48}},"7":{"start":{"line":12,"column":2},"end":{"line":14,"column":3}},"8":{"start":{"line":13,"column":4},"end":{"line":13,"column":61}},"9":{"start":{"line":16,"column":2},"end":{"line":16,"column":23}},"10":{"start":{"line":17,"column":2},"end":{"line":19,"column":3}},"11":{"start":{"line":18,"column":4},"end":{"line":18,"column":70}},"12":{"start":{"line":21,"column":2},"end":{"line":23,"column":3}},"13":{"start":{"line":22,"column":4},"end":{"line":22,"column":11}},"14":{"start":{"line":25,"column":2},"end":{"line":27,"column":3}},"15":{"start":{"line":26,"column":4},"end":{"line":26,"column":25}},"16":{"start":{"line":29,"column":2},"end":{"line":57,"column":3}},"17":{"start":{"line":30,"column":4},"end":{"line":30,"column":50}},"18":{"start":{"line":31,"column":4},"end":{"line":43,"column":6}},"19":{"start":{"line":32,"column":6},"end":{"line":42,"column":7}},"20":{"start":{"line":33,"column":8},"end":{"line":33,"column":37}},"21":{"start":{"line":34,"column":13},"end":{"line":42,"column":7}},"22":{"start":{"line":35,"column":8},"end":{"line":35,"column":81}},"23":{"start":{"line":35,"column":48},"end":{"line":35,"column":81}},"24":{"start":{"line":36,"column":8},"end":{"line":36,"column":49}},"25":{"start":{"line":37,"column":8},"end":{"line":37,"column":34}},"26":{"start":{"line":39,"column":8},"end":{"line":39,"column":30}},"27":{"start":{"line":40,"column":8},"end":{"line":40,"column":35}},"28":{"start":{"line":41,"column":8},"end":{"line":41,"column":35}},"29":{"start":{"line":44,"column":4},"end":{"line":56,"column":5}},"30":{"start":{"line":45,"column":6},"end":{"line":45,"column":23}},"31":{"start":{"line":46,"column":6},"end":{"line":52,"column":7}},"32":{"start":{"line":47,"column":8},"end":{"line":49,"column":9}},"33":{"start":{"line":48,"column":10},"end":{"line":48,"column":51}},"34":{"start":{"line":51,"column":8},"end":{"line":51,"column":90}},"35":{"start":{"line":53,"column":6},"end":{"line":53,"column":38}},"36":{"start":{"line":55,"column":6},"end":{"line":55,"column":27}},"37":{"start":{"line":60,"column":0},"end":{"line":60,"column":36}}},"branchMap":{"1":{"line":12,"type":"if","locations":[{"start":{"line":12,"column":2},"end":{"line":12,"column":2}},{"start":{"line":12,"column":2},"end":{"line":12,"column":2}}]},"2":{"line":17,"type":"if","locations":[{"start":{"line":17,"column":2},"end":{"line":17,"column":2}},{"start":{"line":17,"column":2},"end":{"line":17,"column":2}}]},"3":{"line":32,"type":"if","locations":[{"start":{"line":32,"column":6},"end":{"line":32,"column":6}},{"start":{"line":32,"column":6},"end":{"line":32,"column":6}}]},"4":{"line":34,"type":"if","locations":[{"start":{"line":34,"column":13},"end":{"line":34,"column":13}},{"start":{"line":34,"column":13},"end":{"line":34,"column":13}}]},"5":{"line":35,"type":"if","locations":[{"start":{"line":35,"column":8},"end":{"line":35,"column":8}},{"start":{"line":35,"column":8},"end":{"line":35,"column":8}}]},"6":{"line":46,"type":"if","locations":[{"start":{"line":46,"column":6},"end":{"line":46,"column":6}},{"start":{"line":46,"column":6},"end":{"line":46,"column":6}}]},"7":{"line":47,"type":"if","locations":[{"start":{"line":47,"column":8},"end":{"line":47,"column":8}},{"start":{"line":47,"column":8},"end":{"line":47,"column":8}}]}}}}