TN:
SF:D:\projects\socketio-jwt-auth\lib\index.js
FN:9,authenticate
FN:21,(anonymous_2)
FN:25,(anonymous_3)
FN:29,(anonymous_4)
FN:31,(anonymous_5)
FNF:5
FNH:5
FNDA:6,authenticate
FNDA:2,(anonymous_2)
FNDA:3,(anonymous_3)
FNDA:5,(anonymous_4)
FNDA:2,(anonymous_5)
DA:1,1
DA:2,1
DA:4,1
DA:9,1
DA:10,6
DA:11,6
DA:12,6
DA:13,3
DA:16,3
DA:17,3
DA:18,1
DA:21,2
DA:22,2
DA:25,2
DA:26,3
DA:29,2
DA:30,5
DA:31,5
DA:32,2
DA:33,0
DA:34,2
DA:35,1
DA:36,1
DA:37,1
DA:39,1
DA:40,1
DA:41,1
DA:44,5
DA:45,5
DA:46,5
DA:47,2
DA:48,1
DA:51,3
DA:53,2
DA:55,2
DA:60,1
LF:36
LH:35
BRDA:12,1,0,3
BRDA:12,1,1,3
BRDA:17,2,0,1
BRDA:17,2,1,2
BRDA:32,3,0,0
BRDA:32,3,1,2
BRDA:34,4,0,1
BRDA:34,4,1,1
BRDA:35,5,0,0
BRDA:35,5,1,1
BRDA:46,6,0,2
BRDA:46,6,1,3
BRDA:47,7,0,1
BRDA:47,7,1,1
BRF:14
BRH:12
end_of_record
